Arguments: 
  C:\Program Files\nodejs\node.exe C:\Program Files (x86)\Yarn\bin\yarn.js start

PATH: 
  C:\Program Files (x86)\Common Files\Oracle\Java\javapath;C:\Python27\;C:\Python27\Scripts;C:\Windows\system32;C:\Windows;C:\Windows\System32\Wbem;C:\Windows\System32\WindowsPowerShell\v1.0\;C:\Windows\System32\OpenSSH\;C:\Program Files (x86)\NVIDIA Corporation\PhysX\Common;C:\Program Files\NVIDIA Corporation\NVIDIA NvDLISR;C:\Program Files\nodejs\;C:\ProgramData\chocolatey\bin;C:\Program Files (x86)\Yarn\bin\;C:\Program Files\Git\cmd;C:\Ruby27-x64\bin;C:\Ruby26-x64\bin;C:\Users\Junior\AppData\Local\Microsoft\WindowsApps;;C:\Users\Junior\AppData\Local\Programs\Microsoft VS Code\bin;C:\Users\Junior\AppData\Roaming\npm;C:\Users\Junior\AppData\Local\Yarn\bin;C:\Users\Junior\AppData\Local\hyper\app-3.0.2\resources\bin;C:\Program Files\Docker Toolbox;C:\tools\dart-sdk\bin;C:\Users\Junior\AppData\Roaming\Pub\Cache\bin

Yarn version: 
  1.21.1

Node version: 
  12.14.1

Platform: 
  win32 x64

Trace: 
  TypeError: Cannot convert object to primitive value
      at Array.join (<anonymous>)
      at ShellString.[format] (C:\Program Files (x86)\Yarn\lib\cli.js:135609:80)
      at ShellString.toString (C:\Program Files (x86)\Yarn\lib\cli.js:135605:30)
      at sh (C:\Program Files (x86)\Yarn\lib\cli.js:135698:55)
      at C:\Program Files (x86)\Yarn\lib\cli.js:61535:52
      at Generator.next (<anonymous>)
      at step (C:\Program Files (x86)\Yarn\lib\cli.js:310:30)
      at C:\Program Files (x86)\Yarn\lib\cli.js:321:13

npm manifest: 
  {
    "name": "argon-dashboard-react",
    "version": "1.0.0",
    "description": "React version of Argon Dashboard by Creative Tim",
    "main": "index.js",
    "repository": {
      "type": "git",
      "url": "git+https://github.com/creativetimofficial/argon-dashboard-react.git"
    },
    "keywords": [
      "react",
      "reactjs",
      "argon",
      "argon-react",
      "dashboard",
      "dashboard-react",
      "argon-dashboard",
      "argon-dashboard-react"
    ],
    "author": "Creative Tim",
    "license": "MIT",
    "bugs": {
      "url": "https://github.com/creativetimofficial/argon-dashboard-react/issues"
    },
    "homepage": "https://demos.creative-tim.com/argon-dashboard-react/",
    "scripts": {
      "start": {
        "start": "NODE_PATH=./src react-scripts start"
      },
      "build": "react-scripts build",
      "test": "react-scripts test",
      "eject": "react-scripts eject",
      "install:clean": "rm -rf node_modules/ && rm -rf package-lock.json && npm install && npm start",
      "compile-sass": "node-sass src/assets/scss/argon-dashboard-react.scss src/assets/css/argon-dashboard-react.css",
      "minify-sass": "node-sass src/assets/scss/argon-dashboard-react.scss src/assets/css/argon-dashboard-react.min.css --output-style compressed",
      "map-sass": "node-sass src/assets/scss/argon-dashboard-react.scss src/assets/css/argon-dashboard-react.css --source-map true"
    },
    "eslintConfig": {
      "extends": "react-app"
    },
    "browserslist": [
      ">0.2%",
      "not dead",
      "not ie <= 11",
      "not op_mini all"
    ],
    "dependencies": {
      "chart.js": "2.7.3",
      "classnames": "2.2.6",
      "moment": "2.24.0",
      "node-sass": "4.11.0",
      "nouislider": "13.1.1",
      "react": "16.8.4",
      "react-chartjs-2": "2.7.4",
      "react-copy-to-clipboard": "5.0.1",
      "react-datetime": "2.16.3",
      "react-dom": "16.8.4",
      "react-google-maps": "9.4.5",
      "react-router-dom": "4.3.1",
      "react-scripts": "2.1.8",
      "reactstrap": "7.1.0"
    },
    "devDependencies": {
      "@types/googlemaps": "3.30.18",
      "@types/markerclustererplus": "2.1.33",
      "@types/react": "16.8.7",
      "typescript": "3.3.3333"
    }
  }

yarn manifest: 
  No manifest

Lockfile: 
  No lockfile
